<?xml version="1.0" encoding="UTF-8" standalone="no"?>
<testsuite failures="0" name="cucumber.runtime.formatter.JUnitFormatter" skipped="0" tests="1" time="63.987603">
<testcase classname="Contact Page Details" name="Adding contact page details" time="63.987603">
<system-out><![CDATA[Given user is on home page..................................................passed
When user click on conact page..............................................passed
Then user click on New button and enters users details......................passed
Then user click on save button..............................................passed
Then verify Success message.................................................passed
]]></system-out>
</testcase>
</testsuite>
